CRITICAL - 2022-03-02 00:21:40 --> Cannot use object of type stdClass as array
#0 C:\xampp\htdocs\c4\system\View\View.php(210): include()
#1 C:\xampp\htdocs\c4\system\View\View.php(213): CodeIgniter\View\View->CodeIgniter\View\{closure}()
#2 C:\xampp\htdocs\c4\system\Common.php(1089): CodeIgniter\View\View->render('my_view', Array, true)
#3 C:\xampp\htdocs\c4\app\Controllers\my_control.php(25): view('my_view', Array)
#4 C:\xampp\htdocs\c4\system\CodeIgniter.php(825): App\Controllers\my_control->dataGet()
#5 C:\xampp\htdocs\c4\system\CodeIgniter.php(412): CodeIgniter\CodeIgniter->runController(Object(App\Controllers\my_control))
#6 C:\xampp\htdocs\c4\system\CodeIgniter.php(320): CodeIgniter\CodeIgniter->handleRequest(NULL, Object(Config\Cache), false)
#7 C:\xampp\htdocs\c4\public\index.php(37): CodeIgniter\CodeIgniter->run()
#8 C:\xampp\htdocs\c4\system\Commands\Server\rewrite.php(43): require_once('C:\\xampp\\htdocs...')
#9 {main}
CRITICAL - 2022-03-02 03:07:05 --> Call to undefined function form_open()
#0 C:\xampp\htdocs\c4\system\View\View.php(210): include()
#1 C:\xampp\htdocs\c4\system\View\View.php(213): CodeIgniter\View\View->CodeIgniter\View\{closure}()
#2 C:\xampp\htdocs\c4\system\Common.php(1089): CodeIgniter\View\View->render('empadd_view', Array, true)
#3 C:\xampp\htdocs\c4\app\Controllers\Employee.php(15): view('empadd_view')
#4 C:\xampp\htdocs\c4\system\CodeIgniter.php(825): App\Controllers\Employee->addEmp()
#5 C:\xampp\htdocs\c4\system\CodeIgniter.php(412): CodeIgniter\CodeIgniter->runController(Object(App\Controllers\Employee))
#6 C:\xampp\htdocs\c4\system\CodeIgniter.php(320): CodeIgniter\CodeIgniter->handleRequest(NULL, Object(Config\Cache), false)
#7 C:\xampp\htdocs\c4\public\index.php(37): CodeIgniter\CodeIgniter->run()
#8 C:\xampp\htdocs\c4\system\Commands\Server\rewrite.php(43): require_once('C:\\xampp\\htdocs...')
#9 {main}
CRITICAL - 2022-03-02 03:08:10 --> Call to undefined function form_open()
#0 C:\xampp\htdocs\c4\system\View\View.php(210): include()
#1 C:\xampp\htdocs\c4\system\View\View.php(213): CodeIgniter\View\View->CodeIgniter\View\{closure}()
#2 C:\xampp\htdocs\c4\system\Common.php(1089): CodeIgniter\View\View->render('empadd_view', Array, true)
#3 C:\xampp\htdocs\c4\app\Controllers\Employee.php(15): view('empadd_view')
#4 C:\xampp\htdocs\c4\system\CodeIgniter.php(825): App\Controllers\Employee->addEmp()
#5 C:\xampp\htdocs\c4\system\CodeIgniter.php(412): CodeIgniter\CodeIgniter->runController(Object(App\Controllers\Employee))
#6 C:\xampp\htdocs\c4\system\CodeIgniter.php(320): CodeIgniter\CodeIgniter->handleRequest(NULL, Object(Config\Cache), false)
#7 C:\xampp\htdocs\c4\public\index.php(37): CodeIgniter\CodeIgniter->run()
#8 C:\xampp\htdocs\c4\system\Commands\Server\rewrite.php(43): require_once('C:\\xampp\\htdocs...')
#9 {main}
CRITICAL - 2022-03-02 03:11:05 --> Call to undefined function form_open()
#0 C:\xampp\htdocs\c4\system\View\View.php(210): include()
#1 C:\xampp\htdocs\c4\system\View\View.php(213): CodeIgniter\View\View->CodeIgniter\View\{closure}()
#2 C:\xampp\htdocs\c4\system\Common.php(1089): CodeIgniter\View\View->render('empadd_view', Array, true)
#3 C:\xampp\htdocs\c4\app\Controllers\Employee.php(15): view('empadd_view')
#4 C:\xampp\htdocs\c4\system\CodeIgniter.php(825): App\Controllers\Employee->addEmp()
#5 C:\xampp\htdocs\c4\system\CodeIgniter.php(412): CodeIgniter\CodeIgniter->runController(Object(App\Controllers\Employee))
#6 C:\xampp\htdocs\c4\system\CodeIgniter.php(320): CodeIgniter\CodeIgniter->handleRequest(NULL, Object(Config\Cache), false)
#7 C:\xampp\htdocs\c4\public\index.php(37): CodeIgniter\CodeIgniter->run()
#8 C:\xampp\htdocs\c4\system\Commands\Server\rewrite.php(43): require_once('C:\\xampp\\htdocs...')
#9 {main}
CRITICAL - 2022-03-02 03:11:55 --> Call to undefined function form_open()
#0 C:\xampp\htdocs\c4\system\View\View.php(210): include()
#1 C:\xampp\htdocs\c4\system\View\View.php(213): CodeIgniter\View\View->CodeIgniter\View\{closure}()
#2 C:\xampp\htdocs\c4\system\Common.php(1089): CodeIgniter\View\View->render('empadd_view', Array, true)
#3 C:\xampp\htdocs\c4\app\Controllers\Employee.php(15): view('empadd_view')
#4 C:\xampp\htdocs\c4\system\CodeIgniter.php(825): App\Controllers\Employee->addEmp()
#5 C:\xampp\htdocs\c4\system\CodeIgniter.php(412): CodeIgniter\CodeIgniter->runController(Object(App\Controllers\Employee))
#6 C:\xampp\htdocs\c4\system\CodeIgniter.php(320): CodeIgniter\CodeIgniter->handleRequest(NULL, Object(Config\Cache), false)
#7 C:\xampp\htdocs\c4\public\index.php(37): CodeIgniter\CodeIgniter->run()
#8 C:\xampp\htdocs\c4\system\Commands\Server\rewrite.php(43): require_once('C:\\xampp\\htdocs...')
#9 {main}
CRITICAL - 2022-03-02 03:13:15 --> Call to undefined function form_open()
#0 C:\xampp\htdocs\c4\system\View\View.php(210): include()
#1 C:\xampp\htdocs\c4\system\View\View.php(213): CodeIgniter\View\View->CodeIgniter\View\{closure}()
#2 C:\xampp\htdocs\c4\system\Common.php(1089): CodeIgniter\View\View->render('empadd_view', Array, true)
#3 C:\xampp\htdocs\c4\app\Controllers\Employee.php(15): view('empadd_view')
#4 C:\xampp\htdocs\c4\system\CodeIgniter.php(825): App\Controllers\Employee->addEmp()
#5 C:\xampp\htdocs\c4\system\CodeIgniter.php(412): CodeIgniter\CodeIgniter->runController(Object(App\Controllers\Employee))
#6 C:\xampp\htdocs\c4\system\CodeIgniter.php(320): CodeIgniter\CodeIgniter->handleRequest(NULL, Object(Config\Cache), false)
#7 C:\xampp\htdocs\c4\public\index.php(37): CodeIgniter\CodeIgniter->run()
#8 C:\xampp\htdocs\c4\system\Commands\Server\rewrite.php(43): require_once('C:\\xampp\\htdocs...')
#9 {main}
CRITICAL - 2022-03-02 03:31:01 --> Call to undefined function form_open()
#0 C:\xampp\htdocs\c4\system\View\View.php(210): include()
#1 C:\xampp\htdocs\c4\system\View\View.php(213): CodeIgniter\View\View->CodeIgniter\View\{closure}()
#2 C:\xampp\htdocs\c4\system\Common.php(1089): CodeIgniter\View\View->render('empadd_view', Array, true)
#3 C:\xampp\htdocs\c4\app\Controllers\Employee.php(15): view('empadd_view')
#4 C:\xampp\htdocs\c4\system\CodeIgniter.php(825): App\Controllers\Employee->addEmp()
#5 C:\xampp\htdocs\c4\system\CodeIgniter.php(412): CodeIgniter\CodeIgniter->runController(Object(App\Controllers\Employee))
#6 C:\xampp\htdocs\c4\system\CodeIgniter.php(320): CodeIgniter\CodeIgniter->handleRequest(NULL, Object(Config\Cache), false)
#7 C:\xampp\htdocs\c4\public\index.php(37): CodeIgniter\CodeIgniter->run()
#8 C:\xampp\htdocs\c4\system\Commands\Server\rewrite.php(43): require_once('C:\\xampp\\htdocs...')
#9 {main}
CRITICAL - 2022-03-02 03:59:11 --> Call to a member function errors() on null
#0 C:\xampp\htdocs\c4\system\CodeIgniter.php(825): App\Controllers\Employee->addEmp()
#1 C:\xampp\htdocs\c4\system\CodeIgniter.php(412): CodeIgniter\CodeIgniter->runController(Object(App\Controllers\Employee))
#2 C:\xampp\htdocs\c4\system\CodeIgniter.php(320): CodeIgniter\CodeIgniter->handleRequest(NULL, Object(Config\Cache), false)
#3 C:\xampp\htdocs\c4\public\index.php(37): CodeIgniter\CodeIgniter->run()
#4 C:\xampp\htdocs\c4\system\Commands\Server\rewrite.php(43): require_once('C:\\xampp\\htdocs...')
#5 {main}
CRITICAL - 2022-03-02 03:59:31 --> Call to a member function errors() on null
#0 C:\xampp\htdocs\c4\system\CodeIgniter.php(825): App\Controllers\Employee->addEmp()
#1 C:\xampp\htdocs\c4\system\CodeIgniter.php(412): CodeIgniter\CodeIgniter->runController(Object(App\Controllers\Employee))
#2 C:\xampp\htdocs\c4\system\CodeIgniter.php(320): CodeIgniter\CodeIgniter->handleRequest(NULL, Object(Config\Cache), false)
#3 C:\xampp\htdocs\c4\public\index.php(37): CodeIgniter\CodeIgniter->run()
#4 C:\xampp\htdocs\c4\system\Commands\Server\rewrite.php(43): require_once('C:\\xampp\\htdocs...')
#5 {main}
CRITICAL - 2022-03-02 04:00:05 --> Call to a member function errors() on null
#0 C:\xampp\htdocs\c4\system\CodeIgniter.php(825): App\Controllers\Employee->addEmp()
#1 C:\xampp\htdocs\c4\system\CodeIgniter.php(412): CodeIgniter\CodeIgniter->runController(Object(App\Controllers\Employee))
#2 C:\xampp\htdocs\c4\system\CodeIgniter.php(320): CodeIgniter\CodeIgniter->handleRequest(NULL, Object(Config\Cache), false)
#3 C:\xampp\htdocs\c4\public\index.php(37): CodeIgniter\CodeIgniter->run()
#4 C:\xampp\htdocs\c4\system\Commands\Server\rewrite.php(43): require_once('C:\\xampp\\htdocs...')
#5 {main}
CRITICAL - 2022-03-02 04:00:47 --> Call to a member function errors() on null
#0 C:\xampp\htdocs\c4\system\CodeIgniter.php(825): App\Controllers\Employee->addEmp()
#1 C:\xampp\htdocs\c4\system\CodeIgniter.php(412): CodeIgniter\CodeIgniter->runController(Object(App\Controllers\Employee))
#2 C:\xampp\htdocs\c4\system\CodeIgniter.php(320): CodeIgniter\CodeIgniter->handleRequest(NULL, Object(Config\Cache), false)
#3 C:\xampp\htdocs\c4\public\index.php(37): CodeIgniter\CodeIgniter->run()
#4 C:\xampp\htdocs\c4\system\Commands\Server\rewrite.php(43): require_once('C:\\xampp\\htdocs...')
#5 {main}
CRITICAL - 2022-03-02 04:00:54 --> Call to a member function errors() on null
#0 C:\xampp\htdocs\c4\system\CodeIgniter.php(825): App\Controllers\Employee->addEmp()
#1 C:\xampp\htdocs\c4\system\CodeIgniter.php(412): CodeIgniter\CodeIgniter->runController(Object(App\Controllers\Employee))
#2 C:\xampp\htdocs\c4\system\CodeIgniter.php(320): CodeIgniter\CodeIgniter->handleRequest(NULL, Object(Config\Cache), false)
#3 C:\xampp\htdocs\c4\public\index.php(37): CodeIgniter\CodeIgniter->run()
#4 C:\xampp\htdocs\c4\system\Commands\Server\rewrite.php(43): require_once('C:\\xampp\\htdocs...')
#5 {main}
CRITICAL - 2022-03-02 04:02:45 --> Call to a member function errors() on null
#0 C:\xampp\htdocs\c4\system\CodeIgniter.php(825): App\Controllers\Employee->addEmp()
#1 C:\xampp\htdocs\c4\system\CodeIgniter.php(412): CodeIgniter\CodeIgniter->runController(Object(App\Controllers\Employee))
#2 C:\xampp\htdocs\c4\system\CodeIgniter.php(320): CodeIgniter\CodeIgniter->handleRequest(NULL, Object(Config\Cache), false)
#3 C:\xampp\htdocs\c4\public\index.php(37): CodeIgniter\CodeIgniter->run()
#4 C:\xampp\htdocs\c4\system\Commands\Server\rewrite.php(43): require_once('C:\\xampp\\htdocs...')
#5 {main}
