CRITICAL - 2022-03-14 00:34:16 --> Call to a member function errors() on null
#0 C:\xampp\htdocs\c4\system\CodeIgniter.php(825): App\Controllers\Employee->addEmp()
#1 C:\xampp\htdocs\c4\system\CodeIgniter.php(412): CodeIgniter\CodeIgniter->runController(Object(App\Controllers\Employee))
#2 C:\xampp\htdocs\c4\system\CodeIgniter.php(320): CodeIgniter\CodeIgniter->handleRequest(NULL, Object(Config\Cache), false)
#3 C:\xampp\htdocs\c4\public\index.php(37): CodeIgniter\CodeIgniter->run()
#4 C:\xampp\htdocs\c4\system\Commands\Server\rewrite.php(43): require_once('C:\\xampp\\htdocs...')
#5 {main}
CRITICAL - 2022-03-14 00:34:31 --> Call to a member function errors() on null
#0 C:\xampp\htdocs\c4\system\CodeIgniter.php(825): App\Controllers\Employee->addEmp()
#1 C:\xampp\htdocs\c4\system\CodeIgniter.php(412): CodeIgniter\CodeIgniter->runController(Object(App\Controllers\Employee))
#2 C:\xampp\htdocs\c4\system\CodeIgniter.php(320): CodeIgniter\CodeIgniter->handleRequest(NULL, Object(Config\Cache), false)
#3 C:\xampp\htdocs\c4\public\index.php(37): CodeIgniter\CodeIgniter->run()
#4 C:\xampp\htdocs\c4\system\Commands\Server\rewrite.php(43): require_once('C:\\xampp\\htdocs...')
#5 {main}
CRITICAL - 2022-03-14 00:34:33 --> Call to a member function errors() on null
#0 C:\xampp\htdocs\c4\system\CodeIgniter.php(825): App\Controllers\Employee->addEmp()
#1 C:\xampp\htdocs\c4\system\CodeIgniter.php(412): CodeIgniter\CodeIgniter->runController(Object(App\Controllers\Employee))
#2 C:\xampp\htdocs\c4\system\CodeIgniter.php(320): CodeIgniter\CodeIgniter->handleRequest(NULL, Object(Config\Cache), false)
#3 C:\xampp\htdocs\c4\public\index.php(37): CodeIgniter\CodeIgniter->run()
#4 C:\xampp\htdocs\c4\system\Commands\Server\rewrite.php(43): require_once('C:\\xampp\\htdocs...')
#5 {main}
CRITICAL - 2022-03-14 00:34:35 --> Call to a member function errors() on null
#0 C:\xampp\htdocs\c4\system\CodeIgniter.php(825): App\Controllers\Employee->addEmp()
#1 C:\xampp\htdocs\c4\system\CodeIgniter.php(412): CodeIgniter\CodeIgniter->runController(Object(App\Controllers\Employee))
#2 C:\xampp\htdocs\c4\system\CodeIgniter.php(320): CodeIgniter\CodeIgniter->handleRequest(NULL, Object(Config\Cache), false)
#3 C:\xampp\htdocs\c4\public\index.php(37): CodeIgniter\CodeIgniter->run()
#4 C:\xampp\htdocs\c4\system\Commands\Server\rewrite.php(43): require_once('C:\\xampp\\htdocs...')
#5 {main}
CRITICAL - 2022-03-14 00:37:33 --> Call to a member function errors() on null
#0 C:\xampp\htdocs\c4\system\CodeIgniter.php(825): App\Controllers\Employee->addEmp()
#1 C:\xampp\htdocs\c4\system\CodeIgniter.php(412): CodeIgniter\CodeIgniter->runController(Object(App\Controllers\Employee))
#2 C:\xampp\htdocs\c4\system\CodeIgniter.php(320): CodeIgniter\CodeIgniter->handleRequest(NULL, Object(Config\Cache), false)
#3 C:\xampp\htdocs\c4\public\index.php(37): CodeIgniter\CodeIgniter->run()
#4 C:\xampp\htdocs\c4\system\Commands\Server\rewrite.php(43): require_once('C:\\xampp\\htdocs...')
#5 {main}
CRITICAL - 2022-03-14 05:21:06 --> Class "App\Controllers\Controller" not found
#0 C:\xampp\htdocs\c4\system\Autoloader\Autoloader.php(264): include_once()
#1 C:\xampp\htdocs\c4\system\Autoloader\Autoloader.php(241): CodeIgniter\Autoloader\Autoloader->includeFile('C:\\xampp\\htdocs...')
#2 C:\xampp\htdocs\c4\system\Autoloader\Autoloader.php(219): CodeIgniter\Autoloader\Autoloader->loadInNamespace('App\\Controllers...')
#3 [internal function]: CodeIgniter\Autoloader\Autoloader->loadClass('App\\Controllers...')
#4 C:\xampp\htdocs\c4\system\CodeIgniter.php(790): class_exists('\\App\\Controller...', true)
#5 C:\xampp\htdocs\c4\system\CodeIgniter.php(399): CodeIgniter\CodeIgniter->startController()
#6 C:\xampp\htdocs\c4\system\CodeIgniter.php(320): CodeIgniter\CodeIgniter->handleRequest(NULL, Object(Config\Cache), false)
#7 C:\xampp\htdocs\c4\public\index.php(37): CodeIgniter\CodeIgniter->run()
#8 C:\xampp\htdocs\c4\system\Commands\Server\rewrite.php(43): require_once('C:\\xampp\\htdocs...')
#9 {main}
CRITICAL - 2022-03-14 05:21:19 --> Class "App\Controllers\Controller" not found
#0 C:\xampp\htdocs\c4\system\Autoloader\Autoloader.php(264): include_once()
#1 C:\xampp\htdocs\c4\system\Autoloader\Autoloader.php(241): CodeIgniter\Autoloader\Autoloader->includeFile('C:\\xampp\\htdocs...')
#2 C:\xampp\htdocs\c4\system\Autoloader\Autoloader.php(219): CodeIgniter\Autoloader\Autoloader->loadInNamespace('App\\Controllers...')
#3 [internal function]: CodeIgniter\Autoloader\Autoloader->loadClass('App\\Controllers...')
#4 C:\xampp\htdocs\c4\system\CodeIgniter.php(790): class_exists('\\App\\Controller...', true)
#5 C:\xampp\htdocs\c4\system\CodeIgniter.php(399): CodeIgniter\CodeIgniter->startController()
#6 C:\xampp\htdocs\c4\system\CodeIgniter.php(320): CodeIgniter\CodeIgniter->handleRequest(NULL, Object(Config\Cache), false)
#7 C:\xampp\htdocs\c4\public\index.php(37): CodeIgniter\CodeIgniter->run()
#8 C:\xampp\htdocs\c4\system\Commands\Server\rewrite.php(43): require_once('C:\\xampp\\htdocs...')
#9 {main}
CRITICAL - 2022-03-14 05:22:10 --> Class "CodeIgiter\Controller" not found
#0 C:\xampp\htdocs\c4\system\Autoloader\Autoloader.php(264): include_once()
#1 C:\xampp\htdocs\c4\system\Autoloader\Autoloader.php(241): CodeIgniter\Autoloader\Autoloader->includeFile('C:\\xampp\\htdocs...')
#2 C:\xampp\htdocs\c4\system\Autoloader\Autoloader.php(219): CodeIgniter\Autoloader\Autoloader->loadInNamespace('App\\Controllers...')
#3 [internal function]: CodeIgniter\Autoloader\Autoloader->loadClass('App\\Controllers...')
#4 C:\xampp\htdocs\c4\system\CodeIgniter.php(790): class_exists('\\App\\Controller...', true)
#5 C:\xampp\htdocs\c4\system\CodeIgniter.php(399): CodeIgniter\CodeIgniter->startController()
#6 C:\xampp\htdocs\c4\system\CodeIgniter.php(320): CodeIgniter\CodeIgniter->handleRequest(NULL, Object(Config\Cache), false)
#7 C:\xampp\htdocs\c4\public\index.php(37): CodeIgniter\CodeIgniter->run()
#8 C:\xampp\htdocs\c4\system\Commands\Server\rewrite.php(43): require_once('C:\\xampp\\htdocs...')
#9 {main}
CRITICAL - 2022-03-14 05:22:18 --> Class "CodeIgiter\Controller" not found
#0 C:\xampp\htdocs\c4\system\Autoloader\Autoloader.php(264): include_once()
#1 C:\xampp\htdocs\c4\system\Autoloader\Autoloader.php(241): CodeIgniter\Autoloader\Autoloader->includeFile('C:\\xampp\\htdocs...')
#2 C:\xampp\htdocs\c4\system\Autoloader\Autoloader.php(219): CodeIgniter\Autoloader\Autoloader->loadInNamespace('App\\Controllers...')
#3 [internal function]: CodeIgniter\Autoloader\Autoloader->loadClass('App\\Controllers...')
#4 C:\xampp\htdocs\c4\system\CodeIgniter.php(790): class_exists('\\App\\Controller...', true)
#5 C:\xampp\htdocs\c4\system\CodeIgniter.php(399): CodeIgniter\CodeIgniter->startController()
#6 C:\xampp\htdocs\c4\system\CodeIgniter.php(320): CodeIgniter\CodeIgniter->handleRequest(NULL, Object(Config\Cache), false)
#7 C:\xampp\htdocs\c4\public\index.php(37): CodeIgniter\CodeIgniter->run()
#8 C:\xampp\htdocs\c4\system\Commands\Server\rewrite.php(43): require_once('C:\\xampp\\htdocs...')
#9 {main}
CRITICAL - 2022-03-14 05:22:39 --> Class "CodeIgiter\Controller" not found
#0 C:\xampp\htdocs\c4\system\Autoloader\Autoloader.php(264): include_once()
#1 C:\xampp\htdocs\c4\system\Autoloader\Autoloader.php(241): CodeIgniter\Autoloader\Autoloader->includeFile('C:\\xampp\\htdocs...')
#2 C:\xampp\htdocs\c4\system\Autoloader\Autoloader.php(219): CodeIgniter\Autoloader\Autoloader->loadInNamespace('App\\Controllers...')
#3 [internal function]: CodeIgniter\Autoloader\Autoloader->loadClass('App\\Controllers...')
#4 C:\xampp\htdocs\c4\system\CodeIgniter.php(790): class_exists('\\App\\Controller...', true)
#5 C:\xampp\htdocs\c4\system\CodeIgniter.php(399): CodeIgniter\CodeIgniter->startController()
#6 C:\xampp\htdocs\c4\system\CodeIgniter.php(320): CodeIgniter\CodeIgniter->handleRequest(NULL, Object(Config\Cache), false)
#7 C:\xampp\htdocs\c4\public\index.php(37): CodeIgniter\CodeIgniter->run()
#8 C:\xampp\htdocs\c4\system\Commands\Server\rewrite.php(43): require_once('C:\\xampp\\htdocs...')
#9 {main}
CRITICAL - 2022-03-14 05:58:47 --> Class "App\Models\NameModel" not found
#0 C:\xampp\htdocs\c4\system\CodeIgniter.php(825): App\Controllers\main_controller->index()
#1 C:\xampp\htdocs\c4\system\CodeIgniter.php(412): CodeIgniter\CodeIgniter->runController(Object(App\Controllers\main_controller))
#2 C:\xampp\htdocs\c4\system\CodeIgniter.php(320): CodeIgniter\CodeIgniter->handleRequest(NULL, Object(Config\Cache), false)
#3 C:\xampp\htdocs\c4\public\index.php(37): CodeIgniter\CodeIgniter->run()
#4 C:\xampp\htdocs\c4\system\Commands\Server\rewrite.php(43): require_once('C:\\xampp\\htdocs...')
#5 {main}
CRITICAL - 2022-03-14 05:59:22 --> Class "App\Models\NameModel" not found
#0 C:\xampp\htdocs\c4\system\CodeIgniter.php(825): App\Controllers\main_controller->index()
#1 C:\xampp\htdocs\c4\system\CodeIgniter.php(412): CodeIgniter\CodeIgniter->runController(Object(App\Controllers\main_controller))
#2 C:\xampp\htdocs\c4\system\CodeIgniter.php(320): CodeIgniter\CodeIgniter->handleRequest(NULL, Object(Config\Cache), false)
#3 C:\xampp\htdocs\c4\public\index.php(37): CodeIgniter\CodeIgniter->run()
#4 C:\xampp\htdocs\c4\system\Commands\Server\rewrite.php(43): require_once('C:\\xampp\\htdocs...')
#5 {main}
CRITICAL - 2022-03-14 06:01:08 --> Class "App\Models\NameModel" not found
#0 C:\xampp\htdocs\c4\system\CodeIgniter.php(825): App\Controllers\main_controller->index()
#1 C:\xampp\htdocs\c4\system\CodeIgniter.php(412): CodeIgniter\CodeIgniter->runController(Object(App\Controllers\main_controller))
#2 C:\xampp\htdocs\c4\system\CodeIgniter.php(320): CodeIgniter\CodeIgniter->handleRequest(NULL, Object(Config\Cache), false)
#3 C:\xampp\htdocs\c4\public\index.php(37): CodeIgniter\CodeIgniter->run()
#4 C:\xampp\htdocs\c4\system\Commands\Server\rewrite.php(43): require_once('C:\\xampp\\htdocs...')
#5 {main}
CRITICAL - 2022-03-14 06:01:57 --> Class "App\Models\NameModel" not found
#0 C:\xampp\htdocs\c4\system\CodeIgniter.php(825): App\Controllers\main_controller->index()
#1 C:\xampp\htdocs\c4\system\CodeIgniter.php(412): CodeIgniter\CodeIgniter->runController(Object(App\Controllers\main_controller))
#2 C:\xampp\htdocs\c4\system\CodeIgniter.php(320): CodeIgniter\CodeIgniter->handleRequest(NULL, Object(Config\Cache), false)
#3 C:\xampp\htdocs\c4\public\index.php(37): CodeIgniter\CodeIgniter->run()
#4 C:\xampp\htdocs\c4\system\Commands\Server\rewrite.php(43): require_once('C:\\xampp\\htdocs...')
#5 {main}
CRITICAL - 2022-03-14 06:02:10 --> Class "App\Models\NameModel" not found
#0 C:\xampp\htdocs\c4\system\CodeIgniter.php(825): App\Controllers\main_controller->index()
#1 C:\xampp\htdocs\c4\system\CodeIgniter.php(412): CodeIgniter\CodeIgniter->runController(Object(App\Controllers\main_controller))
#2 C:\xampp\htdocs\c4\system\CodeIgniter.php(320): CodeIgniter\CodeIgniter->handleRequest(NULL, Object(Config\Cache), false)
#3 C:\xampp\htdocs\c4\public\index.php(37): CodeIgniter\CodeIgniter->run()
#4 C:\xampp\htdocs\c4\system\Commands\Server\rewrite.php(43): require_once('C:\\xampp\\htdocs...')
#5 {main}
CRITICAL - 2022-03-14 06:02:43 --> Undefined constant "App\Controllers\namelist"
#0 C:\xampp\htdocs\c4\system\CodeIgniter.php(825): App\Controllers\main_controller->index()
#1 C:\xampp\htdocs\c4\system\CodeIgniter.php(412): CodeIgniter\CodeIgniter->runController(Object(App\Controllers\main_controller))
#2 C:\xampp\htdocs\c4\system\CodeIgniter.php(320): CodeIgniter\CodeIgniter->handleRequest(NULL, Object(Config\Cache), false)
#3 C:\xampp\htdocs\c4\public\index.php(37): CodeIgniter\CodeIgniter->run()
#4 C:\xampp\htdocs\c4\system\Commands\Server\rewrite.php(43): require_once('C:\\xampp\\htdocs...')
#5 {main}
CRITICAL - 2022-03-14 06:03:04 --> Class "App\Models\NameModel" not found
#0 C:\xampp\htdocs\c4\system\CodeIgniter.php(825): App\Controllers\main_controller->index()
#1 C:\xampp\htdocs\c4\system\CodeIgniter.php(412): CodeIgniter\CodeIgniter->runController(Object(App\Controllers\main_controller))
#2 C:\xampp\htdocs\c4\system\CodeIgniter.php(320): CodeIgniter\CodeIgniter->handleRequest(NULL, Object(Config\Cache), false)
#3 C:\xampp\htdocs\c4\public\index.php(37): CodeIgniter\CodeIgniter->run()
#4 C:\xampp\htdocs\c4\system\Commands\Server\rewrite.php(43): require_once('C:\\xampp\\htdocs...')
#5 {main}
CRITICAL - 2022-03-14 06:08:30 --> Undefined array key "email"
#0 C:\xampp\htdocs\c4\app\Views\namelist.php(37): CodeIgniter\Debug\Exceptions->errorHandler(2, 'Undefined array...', 'C:\\xampp\\htdocs...', 37)
#1 C:\xampp\htdocs\c4\system\View\View.php(210): include('C:\\xampp\\htdocs...')
#2 C:\xampp\htdocs\c4\system\View\View.php(213): CodeIgniter\View\View->CodeIgniter\View\{closure}()
#3 C:\xampp\htdocs\c4\system\Common.php(1089): CodeIgniter\View\View->render('namelist', Array, true)
#4 C:\xampp\htdocs\c4\app\Controllers\main_controller.php(13): view('namelist', Array)
#5 C:\xampp\htdocs\c4\system\CodeIgniter.php(825): App\Controllers\main_controller->index()
#6 C:\xampp\htdocs\c4\system\CodeIgniter.php(412): CodeIgniter\CodeIgniter->runController(Object(App\Controllers\main_controller))
#7 C:\xampp\htdocs\c4\system\CodeIgniter.php(320): CodeIgniter\CodeIgniter->handleRequest(NULL, Object(Config\Cache), false)
#8 C:\xampp\htdocs\c4\public\index.php(37): CodeIgniter\CodeIgniter->run()
#9 C:\xampp\htdocs\c4\system\Commands\Server\rewrite.php(43): require_once('C:\\xampp\\htdocs...')
#10 {main}
CRITICAL - 2022-03-14 06:08:40 --> Undefined array key "email"
#0 C:\xampp\htdocs\c4\app\Views\namelist.php(37): CodeIgniter\Debug\Exceptions->errorHandler(2, 'Undefined array...', 'C:\\xampp\\htdocs...', 37)
#1 C:\xampp\htdocs\c4\system\View\View.php(210): include('C:\\xampp\\htdocs...')
#2 C:\xampp\htdocs\c4\system\View\View.php(213): CodeIgniter\View\View->CodeIgniter\View\{closure}()
#3 C:\xampp\htdocs\c4\system\Common.php(1089): CodeIgniter\View\View->render('namelist', Array, true)
#4 C:\xampp\htdocs\c4\app\Controllers\main_controller.php(13): view('namelist', Array)
#5 C:\xampp\htdocs\c4\system\CodeIgniter.php(825): App\Controllers\main_controller->index()
#6 C:\xampp\htdocs\c4\system\CodeIgniter.php(412): CodeIgniter\CodeIgniter->runController(Object(App\Controllers\main_controller))
#7 C:\xampp\htdocs\c4\system\CodeIgniter.php(320): CodeIgniter\CodeIgniter->handleRequest(NULL, Object(Config\Cache), false)
#8 C:\xampp\htdocs\c4\public\index.php(37): CodeIgniter\CodeIgniter->run()
#9 C:\xampp\htdocs\c4\system\Commands\Server\rewrite.php(43): require_once('C:\\xampp\\htdocs...')
#10 {main}
CRITICAL - 2022-03-14 06:10:31 --> Undefined array key "email"
#0 C:\xampp\htdocs\c4\app\Views\namelist.php(17): CodeIgniter\Debug\Exceptions->errorHandler(2, 'Undefined array...', 'C:\\xampp\\htdocs...', 17)
#1 C:\xampp\htdocs\c4\system\View\View.php(210): include('C:\\xampp\\htdocs...')
#2 C:\xampp\htdocs\c4\system\View\View.php(213): CodeIgniter\View\View->CodeIgniter\View\{closure}()
#3 C:\xampp\htdocs\c4\system\Common.php(1089): CodeIgniter\View\View->render('namelist', Array, true)
#4 C:\xampp\htdocs\c4\app\Controllers\main_controller.php(13): view('namelist', Array)
#5 C:\xampp\htdocs\c4\system\CodeIgniter.php(825): App\Controllers\main_controller->index()
#6 C:\xampp\htdocs\c4\system\CodeIgniter.php(412): CodeIgniter\CodeIgniter->runController(Object(App\Controllers\main_controller))
#7 C:\xampp\htdocs\c4\system\CodeIgniter.php(320): CodeIgniter\CodeIgniter->handleRequest(NULL, Object(Config\Cache), false)
#8 C:\xampp\htdocs\c4\public\index.php(37): CodeIgniter\CodeIgniter->run()
#9 C:\xampp\htdocs\c4\system\Commands\Server\rewrite.php(43): require_once('C:\\xampp\\htdocs...')
#10 {main}
ERROR - 2022-03-14 06:22:58 --> Column 'name' cannot be null
CRITICAL - 2022-03-14 06:22:58 --> Undefined property: App\Controllers\main_controller::$responce
#0 C:\xampp\htdocs\c4\app\Controllers\main_controller.php(22): CodeIgniter\Debug\Exceptions->errorHandler(2, 'Undefined prope...', 'C:\\xampp\\htdocs...', 22)
#1 C:\xampp\htdocs\c4\system\CodeIgniter.php(825): App\Controllers\main_controller->store()
#2 C:\xampp\htdocs\c4\system\CodeIgniter.php(412): CodeIgniter\CodeIgniter->runController(Object(App\Controllers\main_controller))
#3 C:\xampp\htdocs\c4\system\CodeIgniter.php(320): CodeIgniter\CodeIgniter->handleRequest(NULL, Object(Config\Cache), false)
#4 C:\xampp\htdocs\c4\public\index.php(37): CodeIgniter\CodeIgniter->run()
#5 C:\xampp\htdocs\c4\system\Commands\Server\rewrite.php(43): require_once('C:\\xampp\\htdocs...')
#6 {main}
ERROR - 2022-03-14 06:28:13 --> Column 'name' cannot be null
CRITICAL - 2022-03-14 06:28:13 --> Undefined property: App\Controllers\main_controller::$responce
#0 C:\xampp\htdocs\c4\app\Controllers\main_controller.php(22): CodeIgniter\Debug\Exceptions->errorHandler(2, 'Undefined prope...', 'C:\\xampp\\htdocs...', 22)
#1 C:\xampp\htdocs\c4\system\CodeIgniter.php(825): App\Controllers\main_controller->store()
#2 C:\xampp\htdocs\c4\system\CodeIgniter.php(412): CodeIgniter\CodeIgniter->runController(Object(App\Controllers\main_controller))
#3 C:\xampp\htdocs\c4\system\CodeIgniter.php(320): CodeIgniter\CodeIgniter->handleRequest(NULL, Object(Config\Cache), false)
#4 C:\xampp\htdocs\c4\public\index.php(37): CodeIgniter\CodeIgniter->run()
#5 C:\xampp\htdocs\c4\system\Commands\Server\rewrite.php(43): require_once('C:\\xampp\\htdocs...')
#6 {main}
ERROR - 2022-03-14 06:28:44 --> Column 'name' cannot be null
CRITICAL - 2022-03-14 06:28:44 --> Undefined property: App\Controllers\main_controller::$responce
#0 C:\xampp\htdocs\c4\app\Controllers\main_controller.php(22): CodeIgniter\Debug\Exceptions->errorHandler(2, 'Undefined prope...', 'C:\\xampp\\htdocs...', 22)
#1 C:\xampp\htdocs\c4\system\CodeIgniter.php(825): App\Controllers\main_controller->store()
#2 C:\xampp\htdocs\c4\system\CodeIgniter.php(412): CodeIgniter\CodeIgniter->runController(Object(App\Controllers\main_controller))
#3 C:\xampp\htdocs\c4\system\CodeIgniter.php(320): CodeIgniter\CodeIgniter->handleRequest(NULL, Object(Config\Cache), false)
#4 C:\xampp\htdocs\c4\public\index.php(37): CodeIgniter\CodeIgniter->run()
#5 C:\xampp\htdocs\c4\system\Commands\Server\rewrite.php(43): require_once('C:\\xampp\\htdocs...')
#6 {main}
ERROR - 2022-03-14 06:32:17 --> Column 'name' cannot be null
CRITICAL - 2022-03-14 06:32:17 --> Undefined variable $users
#0 C:\xampp\htdocs\c4\app\Views\namelist.php(11): CodeIgniter\Debug\Exceptions->errorHandler(2, 'Undefined varia...', 'C:\\xampp\\htdocs...', 11)
#1 C:\xampp\htdocs\c4\system\View\View.php(210): include('C:\\xampp\\htdocs...')
#2 C:\xampp\htdocs\c4\system\View\View.php(213): CodeIgniter\View\View->CodeIgniter\View\{closure}()
#3 C:\xampp\htdocs\c4\system\Common.php(1089): CodeIgniter\View\View->render('namelist', Array, true)
#4 C:\xampp\htdocs\c4\app\Controllers\main_controller.php(23): view('namelist')
#5 C:\xampp\htdocs\c4\system\CodeIgniter.php(825): App\Controllers\main_controller->store()
#6 C:\xampp\htdocs\c4\system\CodeIgniter.php(412): CodeIgniter\CodeIgniter->runController(Object(App\Controllers\main_controller))
#7 C:\xampp\htdocs\c4\system\CodeIgniter.php(320): CodeIgniter\CodeIgniter->handleRequest(NULL, Object(Config\Cache), false)
#8 C:\xampp\htdocs\c4\public\index.php(37): CodeIgniter\CodeIgniter->run()
#9 C:\xampp\htdocs\c4\system\Commands\Server\rewrite.php(43): require_once('C:\\xampp\\htdocs...')
#10 {main}
ERROR - 2022-03-14 06:34:48 --> Column 'name' cannot be null
CRITICAL - 2022-03-14 06:34:48 --> Undefined property: App\Controllers\main_controller::$responce
#0 C:\xampp\htdocs\c4\app\Controllers\main_controller.php(22): CodeIgniter\Debug\Exceptions->errorHandler(2, 'Undefined prope...', 'C:\\xampp\\htdocs...', 22)
#1 C:\xampp\htdocs\c4\system\CodeIgniter.php(825): App\Controllers\main_controller->store()
#2 C:\xampp\htdocs\c4\system\CodeIgniter.php(412): CodeIgniter\CodeIgniter->runController(Object(App\Controllers\main_controller))
#3 C:\xampp\htdocs\c4\system\CodeIgniter.php(320): CodeIgniter\CodeIgniter->handleRequest(NULL, Object(Config\Cache), false)
#4 C:\xampp\htdocs\c4\public\index.php(37): CodeIgniter\CodeIgniter->run()
#5 C:\xampp\htdocs\c4\system\Commands\Server\rewrite.php(43): require_once('C:\\xampp\\htdocs...')
#6 {main}
ERROR - 2022-03-14 06:35:08 --> Column 'name' cannot be null
CRITICAL - 2022-03-14 06:35:08 --> Undefined property: App\Controllers\main_controller::$responce
#0 C:\xampp\htdocs\c4\app\Controllers\main_controller.php(22): CodeIgniter\Debug\Exceptions->errorHandler(2, 'Undefined prope...', 'C:\\xampp\\htdocs...', 22)
#1 C:\xampp\htdocs\c4\system\CodeIgniter.php(825): App\Controllers\main_controller->store()
#2 C:\xampp\htdocs\c4\system\CodeIgniter.php(412): CodeIgniter\CodeIgniter->runController(Object(App\Controllers\main_controller))
#3 C:\xampp\htdocs\c4\system\CodeIgniter.php(320): CodeIgniter\CodeIgniter->handleRequest(NULL, Object(Config\Cache), false)
#4 C:\xampp\htdocs\c4\public\index.php(37): CodeIgniter\CodeIgniter->run()
#5 C:\xampp\htdocs\c4\system\Commands\Server\rewrite.php(43): require_once('C:\\xampp\\htdocs...')
#6 {main}
ERROR - 2022-03-14 07:06:25 --> Column 'name' cannot be null
ERROR - 2022-03-14 07:18:58 --> Column 'name' cannot be null
CRITICAL - 2022-03-14 07:18:58 --> Undefined property: App\Controllers\main_controller::$responce
#0 C:\xampp\htdocs\c4\app\Controllers\main_controller.php(22): CodeIgniter\Debug\Exceptions->errorHandler(2, 'Undefined prope...', 'C:\\xampp\\htdocs...', 22)
#1 C:\xampp\htdocs\c4\system\CodeIgniter.php(825): App\Controllers\main_controller->store()
#2 C:\xampp\htdocs\c4\system\CodeIgniter.php(412): CodeIgniter\CodeIgniter->runController(Object(App\Controllers\main_controller))
#3 C:\xampp\htdocs\c4\system\CodeIgniter.php(320): CodeIgniter\CodeIgniter->handleRequest(NULL, Object(Config\Cache), false)
#4 C:\xampp\htdocs\c4\public\index.php(37): CodeIgniter\CodeIgniter->run()
#5 C:\xampp\htdocs\c4\system\Commands\Server\rewrite.php(43): require_once('C:\\xampp\\htdocs...')
#6 {main}
ERROR - 2022-03-14 07:19:31 --> Column 'name' cannot be null
CRITICAL - 2022-03-14 07:19:31 --> Undefined property: App\Controllers\main_controller::$responce
#0 C:\xampp\htdocs\c4\app\Controllers\main_controller.php(22): CodeIgniter\Debug\Exceptions->errorHandler(2, 'Undefined prope...', 'C:\\xampp\\htdocs...', 22)
#1 C:\xampp\htdocs\c4\system\CodeIgniter.php(825): App\Controllers\main_controller->store()
#2 C:\xampp\htdocs\c4\system\CodeIgniter.php(412): CodeIgniter\CodeIgniter->runController(Object(App\Controllers\main_controller))
#3 C:\xampp\htdocs\c4\system\CodeIgniter.php(320): CodeIgniter\CodeIgniter->handleRequest(NULL, Object(Config\Cache), false)
#4 C:\xampp\htdocs\c4\public\index.php(37): CodeIgniter\CodeIgniter->run()
#5 C:\xampp\htdocs\c4\system\Commands\Server\rewrite.php(43): require_once('C:\\xampp\\htdocs...')
#6 {main}
CRITICAL - 2022-03-14 07:34:33 --> syntax error, unexpected variable "$routes"
#0 C:\xampp\htdocs\c4\system\CodeIgniter.php(361): CodeIgniter\CodeIgniter->tryToRouteIt(NULL)
#1 C:\xampp\htdocs\c4\system\CodeIgniter.php(320): CodeIgniter\CodeIgniter->handleRequest(NULL, Object(Config\Cache), false)
#2 C:\xampp\htdocs\c4\public\index.php(37): CodeIgniter\CodeIgniter->run()
#3 C:\xampp\htdocs\c4\system\Commands\Server\rewrite.php(43): require_once('C:\\xampp\\htdocs...')
#4 {main}
CRITICAL - 2022-03-14 07:39:30 --> Undefined property: App\Controllers\main_controller::$responce
#0 C:\xampp\htdocs\c4\app\Controllers\main_controller.php(22): CodeIgniter\Debug\Exceptions->errorHandler(2, 'Undefined prope...', 'C:\\xampp\\htdocs...', 22)
#1 C:\xampp\htdocs\c4\system\CodeIgniter.php(825): App\Controllers\main_controller->store()
#2 C:\xampp\htdocs\c4\system\CodeIgniter.php(412): CodeIgniter\CodeIgniter->runController(Object(App\Controllers\main_controller))
#3 C:\xampp\htdocs\c4\system\CodeIgniter.php(320): CodeIgniter\CodeIgniter->handleRequest(NULL, Object(Config\Cache), false)
#4 C:\xampp\htdocs\c4\public\index.php(37): CodeIgniter\CodeIgniter->run()
#5 C:\xampp\htdocs\c4\system\Commands\Server\rewrite.php(43): require_once('C:\\xampp\\htdocs...')
#6 {main}
CRITICAL - 2022-03-14 07:44:38 --> Undefined property: App\Controllers\main_controller::$responce
#0 C:\xampp\htdocs\c4\app\Controllers\main_controller.php(22): CodeIgniter\Debug\Exceptions->errorHandler(2, 'Undefined prope...', 'C:\\xampp\\htdocs...', 22)
#1 C:\xampp\htdocs\c4\system\CodeIgniter.php(825): App\Controllers\main_controller->store()
#2 C:\xampp\htdocs\c4\system\CodeIgniter.php(412): CodeIgniter\CodeIgniter->runController(Object(App\Controllers\main_controller))
#3 C:\xampp\htdocs\c4\system\CodeIgniter.php(320): CodeIgniter\CodeIgniter->handleRequest(NULL, Object(Config\Cache), false)
#4 C:\xampp\htdocs\c4\public\index.php(37): CodeIgniter\CodeIgniter->run()
#5 C:\xampp\htdocs\c4\system\Commands\Server\rewrite.php(43): require_once('C:\\xampp\\htdocs...')
#6 {main}
CRITICAL - 2022-03-14 07:45:04 --> Undefined property: App\Controllers\main_controller::$responce
#0 C:\xampp\htdocs\c4\app\Controllers\main_controller.php(22): CodeIgniter\Debug\Exceptions->errorHandler(2, 'Undefined prope...', 'C:\\xampp\\htdocs...', 22)
#1 C:\xampp\htdocs\c4\system\CodeIgniter.php(825): App\Controllers\main_controller->store()
#2 C:\xampp\htdocs\c4\system\CodeIgniter.php(412): CodeIgniter\CodeIgniter->runController(Object(App\Controllers\main_controller))
#3 C:\xampp\htdocs\c4\system\CodeIgniter.php(320): CodeIgniter\CodeIgniter->handleRequest(NULL, Object(Config\Cache), false)
#4 C:\xampp\htdocs\c4\public\index.php(37): CodeIgniter\CodeIgniter->run()
#5 C:\xampp\htdocs\c4\system\Commands\Server\rewrite.php(43): require_once('C:\\xampp\\htdocs...')
#6 {main}
CRITICAL - 2022-03-14 07:55:54 --> Undefined array key "email"
#0 C:\xampp\htdocs\c4\app\Views\editnames.php(37): CodeIgniter\Debug\Exceptions->errorHandler(2, 'Undefined array...', 'C:\\xampp\\htdocs...', 37)
#1 C:\xampp\htdocs\c4\system\View\View.php(210): include('C:\\xampp\\htdocs...')
#2 C:\xampp\htdocs\c4\system\View\View.php(213): CodeIgniter\View\View->CodeIgniter\View\{closure}()
#3 C:\xampp\htdocs\c4\system\Common.php(1089): CodeIgniter\View\View->render('editnames', Array, true)
#4 C:\xampp\htdocs\c4\app\Controllers\main_controller.php(41): view('editnames', Array)
#5 C:\xampp\htdocs\c4\system\CodeIgniter.php(825): App\Controllers\main_controller->singleUser('5')
#6 C:\xampp\htdocs\c4\system\CodeIgniter.php(412): CodeIgniter\CodeIgniter->runController(Object(App\Controllers\main_controller))
#7 C:\xampp\htdocs\c4\system\CodeIgniter.php(320): CodeIgniter\CodeIgniter->handleRequest(NULL, Object(Config\Cache), false)
#8 C:\xampp\htdocs\c4\public\index.php(37): CodeIgniter\CodeIgniter->run()
#9 C:\xampp\htdocs\c4\system\Commands\Server\rewrite.php(43): require_once('C:\\xampp\\htdocs...')
#10 {main}
CRITICAL - 2022-03-14 07:57:07 --> Undefined array key "email"
#0 C:\xampp\htdocs\c4\app\Views\editnames.php(37): CodeIgniter\Debug\Exceptions->errorHandler(2, 'Undefined array...', 'C:\\xampp\\htdocs...', 37)
#1 C:\xampp\htdocs\c4\system\View\View.php(210): include('C:\\xampp\\htdocs...')
#2 C:\xampp\htdocs\c4\system\View\View.php(213): CodeIgniter\View\View->CodeIgniter\View\{closure}()
#3 C:\xampp\htdocs\c4\system\Common.php(1089): CodeIgniter\View\View->render('editnames', Array, true)
#4 C:\xampp\htdocs\c4\app\Controllers\main_controller.php(41): view('editnames', Array)
#5 C:\xampp\htdocs\c4\system\CodeIgniter.php(825): App\Controllers\main_controller->singleUser('5')
#6 C:\xampp\htdocs\c4\system\CodeIgniter.php(412): CodeIgniter\CodeIgniter->runController(Object(App\Controllers\main_controller))
#7 C:\xampp\htdocs\c4\system\CodeIgniter.php(320): CodeIgniter\CodeIgniter->handleRequest(NULL, Object(Config\Cache), false)
#8 C:\xampp\htdocs\c4\public\index.php(37): CodeIgniter\CodeIgniter->run()
#9 C:\xampp\htdocs\c4\system\Commands\Server\rewrite.php(43): require_once('C:\\xampp\\htdocs...')
#10 {main}
ERROR - 2022-03-14 07:59:21 --> Column 'name' cannot be null
CRITICAL - 2022-03-14 07:59:21 --> Undefined property: App\Controllers\main_controller::$responce
#0 C:\xampp\htdocs\c4\app\Controllers\main_controller.php(22): CodeIgniter\Debug\Exceptions->errorHandler(2, 'Undefined prope...', 'C:\\xampp\\htdocs...', 22)
#1 C:\xampp\htdocs\c4\system\CodeIgniter.php(825): App\Controllers\main_controller->store()
#2 C:\xampp\htdocs\c4\system\CodeIgniter.php(412): CodeIgniter\CodeIgniter->runController(Object(App\Controllers\main_controller))
#3 C:\xampp\htdocs\c4\system\CodeIgniter.php(320): CodeIgniter\CodeIgniter->handleRequest(NULL, Object(Config\Cache), false)
#4 C:\xampp\htdocs\c4\public\index.php(37): CodeIgniter\CodeIgniter->run()
#5 C:\xampp\htdocs\c4\system\Commands\Server\rewrite.php(43): require_once('C:\\xampp\\htdocs...')
#6 {main}
CRITICAL - 2022-03-14 08:00:17 --> Undefined property: App\Controllers\main_controller::$responce
#0 C:\xampp\htdocs\c4\app\Controllers\main_controller.php(22): CodeIgniter\Debug\Exceptions->errorHandler(2, 'Undefined prope...', 'C:\\xampp\\htdocs...', 22)
#1 C:\xampp\htdocs\c4\system\CodeIgniter.php(825): App\Controllers\main_controller->store()
#2 C:\xampp\htdocs\c4\system\CodeIgniter.php(412): CodeIgniter\CodeIgniter->runController(Object(App\Controllers\main_controller))
#3 C:\xampp\htdocs\c4\system\CodeIgniter.php(320): CodeIgniter\CodeIgniter->handleRequest(NULL, Object(Config\Cache), false)
#4 C:\xampp\htdocs\c4\public\index.php(37): CodeIgniter\CodeIgniter->run()
#5 C:\xampp\htdocs\c4\system\Commands\Server\rewrite.php(43): require_once('C:\\xampp\\htdocs...')
#6 {main}
CRITICAL - 2022-03-14 08:04:45 --> Undefined array key "email"
#0 C:\xampp\htdocs\c4\app\Views\editnames.php(37): CodeIgniter\Debug\Exceptions->errorHandler(2, 'Undefined array...', 'C:\\xampp\\htdocs...', 37)
#1 C:\xampp\htdocs\c4\system\View\View.php(210): include('C:\\xampp\\htdocs...')
#2 C:\xampp\htdocs\c4\system\View\View.php(213): CodeIgniter\View\View->CodeIgniter\View\{closure}()
#3 C:\xampp\htdocs\c4\system\Common.php(1089): CodeIgniter\View\View->render('editnames', Array, true)
#4 C:\xampp\htdocs\c4\app\Controllers\main_controller.php(41): view('editnames', Array)
#5 C:\xampp\htdocs\c4\system\CodeIgniter.php(825): App\Controllers\main_controller->singleUser('5')
#6 C:\xampp\htdocs\c4\system\CodeIgniter.php(412): CodeIgniter\CodeIgniter->runController(Object(App\Controllers\main_controller))
#7 C:\xampp\htdocs\c4\system\CodeIgniter.php(320): CodeIgniter\CodeIgniter->handleRequest(NULL, Object(Config\Cache), false)
#8 C:\xampp\htdocs\c4\public\index.php(37): CodeIgniter\CodeIgniter->run()
#9 C:\xampp\htdocs\c4\system\Commands\Server\rewrite.php(43): require_once('C:\\xampp\\htdocs...')
#10 {main}
